<?xml version="1.0" encoding="UTF-8"?>
<coverage generated="1494499986598" clover="3.2.0">
  <project timestamp="1494499986598" name="All files">
    <metrics statements="53" coveredstatements="21" conditionals="2" coveredconditionals="0" methods="26" coveredmethods="1" elements="81" coveredelements="22" complexity="0" loc="53" ncloc="53" packages="3" files="5" classes="5">
      <package name="nc-news-upgrade">
        <metrics statements="1" coveredstatements="1" conditionals="0" coveredconditionals="0" methods="0" coveredmethods="0"/>
        <file name="config.js" path="/Users/matt/Documents/northcoders/accelerate/nc-news-upgrade/config.js">
          <metrics statements="1" coveredstatements="1" conditionals="0" coveredconditionals="0" methods="0" coveredmethods="0"/>
          <line num="1" count="1" type="stmt"/>
        </file>
      </package>
      <package name="nc-news-upgrade.src.actions">
        <metrics statements="46" coveredstatements="18" conditionals="2" coveredconditionals="0" methods="21" coveredmethods="0"/>
        <file name="actions.js" path="/Users/matt/Documents/northcoders/accelerate/nc-news-upgrade/src/actions/actions.js">
          <metrics statements="28" coveredstatements="0" conditionals="2" coveredconditionals="0" methods="21" coveredmethods="0"/>
          <line num="7" count="0" type="stmt"/>
          <line num="8" count="0" type="cond" truecount="0" falsecount="2"/>
          <line num="9" count="0" type="stmt"/>
          <line num="11" count="0" type="stmt"/>
          <line num="13" count="0" type="stmt"/>
          <line num="14" count="0" type="stmt"/>
          <line num="15" count="0" type="stmt"/>
          <line num="18" count="0" type="stmt"/>
          <line num="21" count="0" type="stmt"/>
          <line num="27" count="0" type="stmt"/>
          <line num="34" count="0" type="stmt"/>
          <line num="41" count="0" type="stmt"/>
          <line num="47" count="0" type="stmt"/>
          <line num="48" count="0" type="stmt"/>
          <line num="49" count="0" type="stmt"/>
          <line num="52" count="0" type="stmt"/>
          <line num="55" count="0" type="stmt"/>
          <line num="61" count="0" type="stmt"/>
          <line num="68" count="0" type="stmt"/>
          <line num="75" count="0" type="stmt"/>
          <line num="81" count="0" type="stmt"/>
          <line num="82" count="0" type="stmt"/>
          <line num="83" count="0" type="stmt"/>
          <line num="86" count="0" type="stmt"/>
          <line num="89" count="0" type="stmt"/>
          <line num="95" count="0" type="stmt"/>
          <line num="102" count="0" type="stmt"/>
          <line num="109" count="0" type="stmt"/>
        </file>
        <file name="types.js" path="/Users/matt/Documents/northcoders/accelerate/nc-news-upgrade/src/actions/types.js">
          <metrics statements="18" coveredstatements="18" conditionals="0" coveredconditionals="0" methods="0" coveredmethods="0"/>
          <line num="1" count="1" type="stmt"/>
          <line num="2" count="1" type="stmt"/>
          <line num="3" count="1" type="stmt"/>
          <line num="5" count="1" type="stmt"/>
          <line num="6" count="1" type="stmt"/>
          <line num="7" count="1" type="stmt"/>
          <line num="9" count="1" type="stmt"/>
          <line num="10" count="1" type="stmt"/>
          <line num="11" count="1" type="stmt"/>
          <line num="13" count="1" type="stmt"/>
          <line num="14" count="1" type="stmt"/>
          <line num="15" count="1" type="stmt"/>
          <line num="17" count="1" type="stmt"/>
          <line num="18" count="1" type="stmt"/>
          <line num="19" count="1" type="stmt"/>
          <line num="21" count="1" type="stmt"/>
          <line num="22" count="1" type="stmt"/>
          <line num="23" count="1" type="stmt"/>
        </file>
      </package>
      <package name="nc-news-upgrade.src.components">
        <metrics statements="6" coveredstatements="2" conditionals="0" coveredconditionals="0" methods="5" coveredmethods="1"/>
        <file name="App.js" path="/Users/matt/Documents/northcoders/accelerate/nc-news-upgrade/src/components/App.js">
          <metrics statements="5" coveredstatements="2" conditionals="0" coveredconditionals="0" methods="4" coveredmethods="1"/>
          <line num="8" count="0" type="stmt"/>
          <line num="22" count="0" type="stmt"/>
          <line num="24" count="0" type="stmt"/>
          <line num="32" count="1" type="stmt"/>
          <line num="44" count="1" type="stmt"/>
        </file>
        <file name="Navbar.js" path="/Users/matt/Documents/northcoders/accelerate/nc-news-upgrade/src/components/Navbar.js">
          <metrics statements="1" coveredstatements="0" conditionals="0" coveredconditionals="0" methods="1" coveredmethods="0"/>
          <line num="6" count="0" type="stmt"/>
        </file>
      </package>
    </metrics>
  </project>
</coverage>
