{"/Users/matt/Documents/northcoders/accelerate/nc-news-upgrade/config.js": {"path":"/Users/matt/Documents/northcoders/accelerate/nc-news-upgrade/config.js","statementMap":{"0":{"start":{"line":1,"column":0},"end":{"line":5,"column":2}}},"fnMap":{},"branchMap":{},"s":{"0":1},"f":{},"b":{},"_coverageSchema":"332fd63041d2c1bcb487cc26dd0d5f7d97098a6c","hash":"f580309f06e7c8e8209c38f27025e91d38dadb38"}
,"/Users/matt/Documents/northcoders/accelerate/nc-news-upgrade/src/actions/actions.js": {"path":"/Users/matt/Documents/northcoders/accelerate/nc-news-upgrade/src/actions/actions.js","statementMap":{"0":{"start":{"line":7,"column":12},"end":{"line":7,"column":21}},"1":{"start":{"line":8,"column":2},"end":{"line":12,"column":3}},"2":{"start":{"line":9,"column":4},"end":{"line":9,"column":39}},"3":{"start":{"line":11,"column":4},"end":{"line":11,"column":23}},"4":{"start":{"line":13,"column":2},"end":{"line":23,"column":4}},"5":{"start":{"line":14,"column":4},"end":{"line":14,"column":37}},"6":{"start":{"line":15,"column":4},"end":{"line":22,"column":9}},"7":{"start":{"line":18,"column":8},"end":{"line":18,"column":58}},"8":{"start":{"line":21,"column":8},"end":{"line":21,"column":42}},"9":{"start":{"line":27,"column":2},"end":{"line":30,"column":4}},"10":{"start":{"line":34,"column":2},"end":{"line":37,"column":4}},"11":{"start":{"line":41,"column":2},"end":{"line":43,"column":4}},"12":{"start":{"line":47,"column":2},"end":{"line":57,"column":4}},"13":{"start":{"line":48,"column":4},"end":{"line":48,"column":37}},"14":{"start":{"line":49,"column":4},"end":{"line":56,"column":9}},"15":{"start":{"line":52,"column":8},"end":{"line":52,"column":58}},"16":{"start":{"line":55,"column":8},"end":{"line":55,"column":42}},"17":{"start":{"line":61,"column":2},"end":{"line":64,"column":4}},"18":{"start":{"line":68,"column":2},"end":{"line":71,"column":4}},"19":{"start":{"line":75,"column":2},"end":{"line":77,"column":4}},"20":{"start":{"line":81,"column":2},"end":{"line":91,"column":4}},"21":{"start":{"line":82,"column":4},"end":{"line":82,"column":35}},"22":{"start":{"line":83,"column":4},"end":{"line":90,"column":9}},"23":{"start":{"line":86,"column":8},"end":{"line":86,"column":47}},"24":{"start":{"line":89,"column":8},"end":{"line":89,"column":50}},"25":{"start":{"line":95,"column":2},"end":{"line":98,"column":4}},"26":{"start":{"line":102,"column":2},"end":{"line":105,"column":4}},"27":{"start":{"line":109,"column":2},"end":{"line":112,"column":4}}},"fnMap":{"0":{"name":"fetchArticles","decl":{"start":{"line":6,"column":16},"end":{"line":6,"column":29}},"loc":{"start":{"line":6,"column":37},"end":{"line":24,"column":1}},"line":6},"1":{"name":"(anonymous_1)","decl":{"start":{"line":13,"column":9},"end":{"line":13,"column":10}},"loc":{"start":{"line":13,"column":23},"end":{"line":23,"column":3}},"line":13},"2":{"name":"(anonymous_2)","decl":{"start":{"line":17,"column":12},"end":{"line":17,"column":13}},"loc":{"start":{"line":17,"column":19},"end":{"line":19,"column":7}},"line":17},"3":{"name":"(anonymous_3)","decl":{"start":{"line":20,"column":13},"end":{"line":20,"column":14}},"loc":{"start":{"line":20,"column":20},"end":{"line":22,"column":7}},"line":20},"4":{"name":"fetchArticlesSuccess","decl":{"start":{"line":26,"column":16},"end":{"line":26,"column":36}},"loc":{"start":{"line":26,"column":47},"end":{"line":31,"column":1}},"line":26},"5":{"name":"fetchArticlesError","decl":{"start":{"line":33,"column":16},"end":{"line":33,"column":34}},"loc":{"start":{"line":33,"column":40},"end":{"line":38,"column":1}},"line":33},"6":{"name":"fetchArticlesRequest","decl":{"start":{"line":40,"column":16},"end":{"line":40,"column":36}},"loc":{"start":{"line":40,"column":39},"end":{"line":44,"column":1}},"line":40},"7":{"name":"fetchComments","decl":{"start":{"line":46,"column":16},"end":{"line":46,"column":29}},"loc":{"start":{"line":46,"column":41},"end":{"line":58,"column":1}},"line":46},"8":{"name":"(anonymous_8)","decl":{"start":{"line":47,"column":9},"end":{"line":47,"column":10}},"loc":{"start":{"line":47,"column":23},"end":{"line":57,"column":3}},"line":47},"9":{"name":"(anonymous_9)","decl":{"start":{"line":51,"column":12},"end":{"line":51,"column":13}},"loc":{"start":{"line":51,"column":19},"end":{"line":53,"column":7}},"line":51},"10":{"name":"(anonymous_10)","decl":{"start":{"line":54,"column":13},"end":{"line":54,"column":14}},"loc":{"start":{"line":54,"column":20},"end":{"line":56,"column":7}},"line":54},"11":{"name":"fetchCommentsSuccess","decl":{"start":{"line":60,"column":16},"end":{"line":60,"column":36}},"loc":{"start":{"line":60,"column":47},"end":{"line":65,"column":1}},"line":60},"12":{"name":"fetchCommentsError","decl":{"start":{"line":67,"column":16},"end":{"line":67,"column":34}},"loc":{"start":{"line":67,"column":40},"end":{"line":72,"column":1}},"line":67},"13":{"name":"fetchCommentsRequest","decl":{"start":{"line":74,"column":16},"end":{"line":74,"column":36}},"loc":{"start":{"line":74,"column":39},"end":{"line":78,"column":1}},"line":74},"14":{"name":"voteArticle","decl":{"start":{"line":80,"column":16},"end":{"line":80,"column":27}},"loc":{"start":{"line":80,"column":38},"end":{"line":92,"column":1}},"line":80},"15":{"name":"(anonymous_15)","decl":{"start":{"line":81,"column":9},"end":{"line":81,"column":10}},"loc":{"start":{"line":81,"column":23},"end":{"line":91,"column":3}},"line":81},"16":{"name":"(anonymous_16)","decl":{"start":{"line":85,"column":12},"end":{"line":85,"column":13}},"loc":{"start":{"line":85,"column":19},"end":{"line":87,"column":7}},"line":85},"17":{"name":"(anonymous_17)","decl":{"start":{"line":88,"column":13},"end":{"line":88,"column":14}},"loc":{"start":{"line":88,"column":22},"end":{"line":90,"column":7}},"line":88},"18":{"name":"voteArticleRequest","decl":{"start":{"line":94,"column":16},"end":{"line":94,"column":34}},"loc":{"start":{"line":94,"column":37},"end":{"line":99,"column":1}},"line":94},"19":{"name":"voteArticleError","decl":{"start":{"line":101,"column":16},"end":{"line":101,"column":32}},"loc":{"start":{"line":101,"column":40},"end":{"line":106,"column":1}},"line":101},"20":{"name":"voteArticleSuccess","decl":{"start":{"line":108,"column":16},"end":{"line":108,"column":34}},"loc":{"start":{"line":108,"column":41},"end":{"line":113,"column":1}},"line":108}},"branchMap":{"0":{"loc":{"start":{"line":8,"column":2},"end":{"line":12,"column":3}},"type":"if","locations":[{"start":{"line":8,"column":2},"end":{"line":12,"column":3}},{"start":{"line":8,"column":2},"end":{"line":12,"column":3}}],"line":8}},"s":{"0":0,"1":0,"2":0,"3":0,"4":0,"5":0,"6":0,"7":0,"8":0,"9":0,"10":0,"11":0,"12":0,"13":0,"14":0,"15":0,"16":0,"17":0,"18":0,"19":0,"20":0,"21":0,"22":0,"23":0,"24":0,"25":0,"26":0,"27":0},"f":{"0":0,"1":0,"2":0,"3":0,"4":0,"5":0,"6":0,"7":0,"8":0,"9":0,"10":0,"11":0,"12":0,"13":0,"14":0,"15":0,"16":0,"17":0,"18":0,"19":0,"20":0},"b":{"0":[0,0]},"_coverageSchema":"332fd63041d2c1bcb487cc26dd0d5f7d97098a6c","hash":"6d37f03a4b6073ea77ac8a4549370f85b6d09f1f"}
,"/Users/matt/Documents/northcoders/accelerate/nc-news-upgrade/src/actions/types.js": {"path":"/Users/matt/Documents/northcoders/accelerate/nc-news-upgrade/src/actions/types.js","statementMap":{"0":{"start":{"line":1,"column":38},"end":{"line":1,"column":62}},"1":{"start":{"line":2,"column":38},"end":{"line":2,"column":62}},"2":{"start":{"line":3,"column":36},"end":{"line":3,"column":58}},"3":{"start":{"line":5,"column":38},"end":{"line":5,"column":62}},"4":{"start":{"line":6,"column":38},"end":{"line":6,"column":62}},"5":{"start":{"line":7,"column":36},"end":{"line":7,"column":58}},"6":{"start":{"line":9,"column":35},"end":{"line":9,"column":56}},"7":{"start":{"line":10,"column":35},"end":{"line":10,"column":56}},"8":{"start":{"line":11,"column":33},"end":{"line":11,"column":52}},"9":{"start":{"line":13,"column":36},"end":{"line":13,"column":58}},"10":{"start":{"line":14,"column":36},"end":{"line":14,"column":58}},"11":{"start":{"line":15,"column":34},"end":{"line":15,"column":54}},"12":{"start":{"line":17,"column":36},"end":{"line":17,"column":58}},"13":{"start":{"line":18,"column":36},"end":{"line":18,"column":58}},"14":{"start":{"line":19,"column":34},"end":{"line":19,"column":54}},"15":{"start":{"line":21,"column":35},"end":{"line":21,"column":56}},"16":{"start":{"line":22,"column":35},"end":{"line":22,"column":56}},"17":{"start":{"line":23,"column":33},"end":{"line":23,"column":52}}},"fnMap":{},"branchMap":{},"s":{"0":1,"1":1,"2":1,"3":1,"4":1,"5":1,"6":1,"7":1,"8":1,"9":1,"10":1,"11":1,"12":1,"13":1,"14":1,"15":1,"16":1,"17":1},"f":{},"b":{},"_coverageSchema":"332fd63041d2c1bcb487cc26dd0d5f7d97098a6c","hash":"23035bdcebf412c25a67e19f8460ca74a83e35bd"}
,"/Users/matt/Documents/northcoders/accelerate/nc-news-upgrade/src/components/App.js": {"path":"/Users/matt/Documents/northcoders/accelerate/nc-news-upgrade/src/components/App.js","statementMap":{"0":{"start":{"line":8,"column":8},"end":{"line":17,"column":10}},"1":{"start":{"line":22,"column":4},"end":{"line":26,"column":6}},"2":{"start":{"line":24,"column":12},"end":{"line":24,"column":51}},"3":{"start":{"line":32,"column":12},"end":{"line":39,"column":1}},"4":{"start":{"line":44,"column":2},"end":{"line":44,"column":14}}},"fnMap":{"0":{"name":"(anonymous_0)","decl":{"start":{"line":7,"column":4},"end":{"line":7,"column":5}},"loc":{"start":{"line":7,"column":13},"end":{"line":18,"column":5}},"line":7},"1":{"name":"mapDispatchToProps","decl":{"start":{"line":21,"column":9},"end":{"line":21,"column":27}},"loc":{"start":{"line":21,"column":38},"end":{"line":27,"column":1}},"line":21},"2":{"name":"(anonymous_2)","decl":{"start":{"line":23,"column":23},"end":{"line":23,"column":24}},"loc":{"start":{"line":23,"column":34},"end":{"line":25,"column":9}},"line":23},"3":{"name":"sum","decl":{"start":{"line":43,"column":16},"end":{"line":43,"column":19}},"loc":{"start":{"line":43,"column":26},"end":{"line":45,"column":1}},"line":43}},"branchMap":{},"s":{"0":0,"1":0,"2":0,"3":1,"4":1},"f":{"0":0,"1":0,"2":0,"3":1},"b":{},"_coverageSchema":"332fd63041d2c1bcb487cc26dd0d5f7d97098a6c","hash":"4b8f54b9183341a2da27363b63338e612d113057"}
,"/Users/matt/Documents/northcoders/accelerate/nc-news-upgrade/src/components/Navbar.js": {"path":"/Users/matt/Documents/northcoders/accelerate/nc-news-upgrade/src/components/Navbar.js","statementMap":{"0":{"start":{"line":6,"column":8},"end":{"line":30,"column":10}}},"fnMap":{"0":{"name":"(anonymous_0)","decl":{"start":{"line":5,"column":4},"end":{"line":5,"column":5}},"loc":{"start":{"line":5,"column":13},"end":{"line":31,"column":5}},"line":5}},"branchMap":{},"s":{"0":0},"f":{"0":0},"b":{},"_coverageSchema":"332fd63041d2c1bcb487cc26dd0d5f7d97098a6c","hash":"d7be3714a18dd56ff8496c8e418ff4e6fd81c3c6"}
}
