TN:
SF:/Users/matt/Documents/northcoders/accelerate/nc-news-upgrade/config.js
FNF:0
FNH:0
DA:1,1
LF:1
LH:1
BRF:0
BRH:0
end_of_record
TN:
SF:/Users/matt/Documents/northcoders/accelerate/nc-news-upgrade/src/actions/actions.js
FN:6,fetchArticles
FN:13,(anonymous_1)
FN:17,(anonymous_2)
FN:20,(anonymous_3)
FN:26,fetchArticlesSuccess
FN:33,fetchArticlesError
FN:40,fetchArticlesRequest
FN:46,fetchComments
FN:47,(anonymous_8)
FN:51,(anonymous_9)
FN:54,(anonymous_10)
FN:60,fetchCommentsSuccess
FN:67,fetchCommentsError
FN:74,fetchCommentsRequest
FN:80,voteArticle
FN:81,(anonymous_15)
FN:85,(anonymous_16)
FN:88,(anonymous_17)
FN:94,voteArticleRequest
FN:101,voteArticleError
FN:108,voteArticleSuccess
FNF:21
FNH:0
FNDA:0,fetchArticles
FNDA:0,(anonymous_1)
FNDA:0,(anonymous_2)
FNDA:0,(anonymous_3)
FNDA:0,fetchArticlesSuccess
FNDA:0,fetchArticlesError
FNDA:0,fetchArticlesRequest
FNDA:0,fetchComments
FNDA:0,(anonymous_8)
FNDA:0,(anonymous_9)
FNDA:0,(anonymous_10)
FNDA:0,fetchCommentsSuccess
FNDA:0,fetchCommentsError
FNDA:0,fetchCommentsRequest
FNDA:0,voteArticle
FNDA:0,(anonymous_15)
FNDA:0,(anonymous_16)
FNDA:0,(anonymous_17)
FNDA:0,voteArticleRequest
FNDA:0,voteArticleError
FNDA:0,voteArticleSuccess
DA:7,0
DA:8,0
DA:9,0
DA:11,0
DA:13,0
DA:14,0
DA:15,0
DA:18,0
DA:21,0
DA:27,0
DA:34,0
DA:41,0
DA:47,0
DA:48,0
DA:49,0
DA:52,0
DA:55,0
DA:61,0
DA:68,0
DA:75,0
DA:81,0
DA:82,0
DA:83,0
DA:86,0
DA:89,0
DA:95,0
DA:102,0
DA:109,0
LF:28
LH:0
BRDA:8,0,0,0
BRDA:8,0,1,0
BRF:2
BRH:0
end_of_record
TN:
SF:/Users/matt/Documents/northcoders/accelerate/nc-news-upgrade/src/actions/types.js
FNF:0
FNH:0
DA:1,1
DA:2,1
DA:3,1
DA:5,1
DA:6,1
DA:7,1
DA:9,1
DA:10,1
DA:11,1
DA:13,1
DA:14,1
DA:15,1
DA:17,1
DA:18,1
DA:19,1
DA:21,1
DA:22,1
DA:23,1
LF:18
LH:18
BRF:0
BRH:0
end_of_record
TN:
SF:/Users/matt/Documents/northcoders/accelerate/nc-news-upgrade/src/components/App.js
FN:7,(anonymous_0)
FN:21,mapDispatchToProps
FN:23,(anonymous_2)
FN:43,sum
FNF:4
FNH:1
FNDA:0,(anonymous_0)
FNDA:0,mapDispatchToProps
FNDA:0,(anonymous_2)
FNDA:1,sum
DA:8,0
DA:22,0
DA:24,0
DA:32,1
DA:44,1
LF:5
LH:2
BRF:0
BRH:0
end_of_record
TN:
SF:/Users/matt/Documents/northcoders/accelerate/nc-news-upgrade/src/components/Navbar.js
FN:5,(anonymous_0)
FNF:1
FNH:0
FNDA:0,(anonymous_0)
DA:6,0
LF:1
LH:0
BRF:0
BRH:0
end_of_record
